
Turn 6
================================================================
warning: owned entities 5, 1 collided on cell (24, 16) as the result of moves on this turn
At command 3 of 3:
    1   m 1 o
    2   m 3 o
>>> 3   m 5 e


Turn 9
================================================================
warning: entity 6 was directed to use 8 halite to move east, but only 0 halite was available
At command 2 of 3:
    1   m 3 o
>>> 2   m 6 e
    3   g


Turn 13
================================================================
warning: owned entities 3, 6 collided on cell (22, 17) as the result of moves on this turn
At command 3 of 3:
    1   m 6 o
    2   m 8 o
>>> 3   m 3 s

